time=2024-09-26T21:07:05.667+03:00 level=INFO source=/Users/admin/golang_projects/no_projects/TestEffectiveMobile/cmd/main.go:28 msg="Server up with address: localhost:8080"
time=2024-09-26T21:07:32.311+03:00 level=INFO source=/Users/admin/golang_projects/no_projects/TestEffectiveMobile/internal/handlers/handler.go:10 msg=cheak
time=2024-09-27T07:46:55.961+03:00 level=ERROR source=/Users/admin/golang_projects/no_projects/TestEffectiveMobile/cmd/main.go:27 msg="dial tcp: lookup port=: no such host"
time=2024-09-27T07:48:07.249+03:00 level=ERROR source=/Users/admin/golang_projects/no_projects/TestEffectiveMobile/cmd/main.go:27 msg="dial tcp: lookup port=: no such host"
time=2024-09-27T07:48:07.250+03:00 level=INFO source=/Users/admin/golang_projects/no_projects/TestEffectiveMobile/cmd/main.go:44 msg="Server up with address: localhost:8080"
time=2024-09-27T07:55:58.151+03:00 level=ERROR source=/Users/admin/golang_projects/no_projects/TestEffectiveMobile/cmd/main.go:27 msg="pq: role \"dbname=\" does not exist"
time=2024-09-27T07:59:03.112+03:00 level=INFO source=/Users/admin/golang_projects/no_projects/TestEffectiveMobile/cmd/main.go:26 msg=""
time=2024-09-27T07:59:03.146+03:00 level=ERROR source=/Users/admin/golang_projects/no_projects/TestEffectiveMobile/cmd/main.go:28 msg="pq: role \"dbname=\" does not exist"
time=2024-09-27T08:01:51.920+03:00 level=INFO source=/Users/admin/golang_projects/no_projects/TestEffectiveMobile/cmd/main.go:31 msg=localhost
time=2024-09-27T08:01:51.962+03:00 level=INFO source=/Users/admin/golang_projects/no_projects/TestEffectiveMobile/db/db.go:32 msg="Success connection to database"
time=2024-09-27T08:01:52.040+03:00 level=INFO source=/Users/admin/golang_projects/no_projects/TestEffectiveMobile/db/db.go:50 msg="Migrations applied successfully"
time=2024-09-27T08:01:52.040+03:00 level=INFO source=/Users/admin/golang_projects/no_projects/TestEffectiveMobile/cmd/main.go:44 msg="Server up with address: localhost:8080"
time=2024-09-27T08:06:05.043+03:00 level=ERROR source=/Users/admin/golang_projects/no_projects/TestEffectiveMobile/internal/handlers/handler.go:130 msg="Get \"https://external-api.com/info?group=test&song=test\": dial tcp: lookup external-api.com: no such host"
time=2024-09-27T08:06:14.060+03:00 level=ERROR source=/Users/admin/golang_projects/no_projects/TestEffectiveMobile/internal/handlers/handler.go:130 msg="Get \"https://external-api.com/info?group=test&song=test\": dial tcp: lookup external-api.com: no such host"
time=2024-09-27T08:13:34.628+03:00 level=ERROR source=/Users/admin/golang_projects/no_projects/TestEffectiveMobile/internal/handlers/handler.go:84 msg="sql: Scan called without calling Next"
time=2024-09-27T08:13:44.275+03:00 level=ERROR source=/Users/admin/golang_projects/no_projects/TestEffectiveMobile/internal/handlers/handler.go:84 msg="sql: Scan called without calling Next"
time=2024-09-27T08:16:00.657+03:00 level=ERROR source=/Users/admin/golang_projects/no_projects/TestEffectiveMobile/internal/handlers/handler.go:169 msg="pq: syntax error at or near \"WHERE\""
time=2024-09-27T08:17:32.441+03:00 level=ERROR source=/Users/admin/golang_projects/no_projects/TestEffectiveMobile/internal/handlers/handler.go:169 msg="pq: syntax error at or near \"WHERE\""
time=2024-09-27T08:19:05.329+03:00 level=ERROR source=/Users/admin/golang_projects/no_projects/TestEffectiveMobile/internal/handlers/handler.go:130 msg="Get \"https://external-api.com/info?group=test&song=test\": dial tcp: lookup external-api.com: no such host"
time=2024-09-27T18:09:24.946+03:00 level=INFO source=/Users/admin/golang_projects/no_projects/TestEffectiveMobile/db/db.go:32 msg="Success connection to database"
time=2024-09-27T18:09:24.980+03:00 level=INFO source=/Users/admin/golang_projects/no_projects/TestEffectiveMobile/db/db.go:50 msg="Migrations applied successfully"
time=2024-09-27T18:09:24.980+03:00 level=INFO source=/Users/admin/golang_projects/no_projects/TestEffectiveMobile/cmd/main.go:45 msg="Server up with address: localhost:8080"
time=2024-09-27T18:11:11.031+03:00 level=INFO source=/Users/admin/golang_projects/no_projects/TestEffectiveMobile/db/db.go:32 msg="Success connection to database"
time=2024-09-27T18:11:11.038+03:00 level=INFO source=/Users/admin/golang_projects/no_projects/TestEffectiveMobile/db/db.go:50 msg="Migrations applied successfully"
time=2024-09-27T18:11:11.038+03:00 level=INFO source=/Users/admin/golang_projects/no_projects/TestEffectiveMobile/cmd/main.go:45 msg="Server up with address: localhost:8080"
time=2024-09-27T18:12:32.546+03:00 level=ERROR source=/Users/admin/golang_projects/no_projects/TestEffectiveMobile/internal/handlers/handler.go:137 msg="pq: got 6 parameters but the statement requires 5"
time=2024-09-27T18:20:20.946+03:00 level=INFO source=/Users/admin/golang_projects/no_projects/TestEffectiveMobile/db/db.go:32 msg="Success connection to database"
time=2024-09-27T18:20:20.955+03:00 level=INFO source=/Users/admin/golang_projects/no_projects/TestEffectiveMobile/db/db.go:50 msg="Migrations applied successfully"
time=2024-09-27T18:20:20.955+03:00 level=INFO source=/Users/admin/golang_projects/no_projects/TestEffectiveMobile/cmd/main.go:45 msg="Server up with address: localhost:8080"
time=2024-09-27T18:22:21.479+03:00 level=ERROR source=/Users/admin/golang_projects/no_projects/TestEffectiveMobile/internal/handlers/handler.go:137 msg="pq: got 6 parameters but the statement requires 5"
time=2024-09-27T18:24:54.802+03:00 level=ERROR source=/Users/admin/golang_projects/no_projects/TestEffectiveMobile/internal/handlers/handler.go:137 msg="pq: got 6 parameters but the statement requires 5"
time=2024-09-27T18:25:25.661+03:00 level=INFO source=/Users/admin/golang_projects/no_projects/TestEffectiveMobile/db/db.go:32 msg="Success connection to database"
time=2024-09-27T18:25:25.669+03:00 level=INFO source=/Users/admin/golang_projects/no_projects/TestEffectiveMobile/db/db.go:50 msg="Migrations applied successfully"
time=2024-09-27T18:25:25.669+03:00 level=INFO source=/Users/admin/golang_projects/no_projects/TestEffectiveMobile/cmd/main.go:45 msg="Server up with address: localhost:8080"
time=2024-09-27T18:25:59.873+03:00 level=ERROR source=/Users/admin/golang_projects/no_projects/TestEffectiveMobile/internal/handlers/handler.go:139 msg="pq: got 6 parameters but the statement requires 5"
time=2024-09-27T18:26:04.065+03:00 level=ERROR source=/Users/admin/golang_projects/no_projects/TestEffectiveMobile/internal/handlers/handler.go:139 msg="pq: got 6 parameters but the statement requires 5"
time=2024-09-27T18:30:06.224+03:00 level=INFO source=/Users/admin/golang_projects/no_projects/TestEffectiveMobile/db/db.go:32 msg="Success connection to database"
time=2024-09-27T18:30:06.232+03:00 level=INFO source=/Users/admin/golang_projects/no_projects/TestEffectiveMobile/db/db.go:50 msg="Migrations applied successfully"
time=2024-09-27T18:30:06.232+03:00 level=INFO source=/Users/admin/golang_projects/no_projects/TestEffectiveMobile/cmd/main.go:45 msg="Server up with address: localhost:8080"
time=2024-09-27T18:30:21.371+03:00 level=ERROR source=/Users/admin/golang_projects/no_projects/TestEffectiveMobile/internal/handlers/handler.go:139 msg="pq: got 6 parameters but the statement requires 5"
time=2024-09-27T18:39:50.922+03:00 level=INFO source=/Users/admin/golang_projects/no_projects/TestEffectiveMobile/db/db.go:32 msg="Success connection to database"
time=2024-09-27T18:39:50.929+03:00 level=INFO source=/Users/admin/golang_projects/no_projects/TestEffectiveMobile/db/db.go:50 msg="Migrations applied successfully"
time=2024-09-27T18:39:50.929+03:00 level=INFO source=/Users/admin/golang_projects/no_projects/TestEffectiveMobile/cmd/main.go:45 msg="Server up with address: localhost:8080"
time=2024-09-27T18:40:03.115+03:00 level=ERROR source=/Users/admin/golang_projects/no_projects/TestEffectiveMobile/internal/handlers/handler.go:139 msg="pq: got 6 parameters but the statement requires 5"
time=2024-09-27T18:44:12.916+03:00 level=INFO source=/Users/admin/golang_projects/no_projects/TestEffectiveMobile/db/db.go:32 msg="Success connection to database"
time=2024-09-27T18:44:12.923+03:00 level=INFO source=/Users/admin/golang_projects/no_projects/TestEffectiveMobile/db/db.go:50 msg="Migrations applied successfully"
time=2024-09-27T18:44:12.923+03:00 level=INFO source=/Users/admin/golang_projects/no_projects/TestEffectiveMobile/cmd/main.go:45 msg="Server up with address: localhost:8080"
time=2024-09-27T18:46:00.808+03:00 level=ERROR source=/Users/admin/golang_projects/no_projects/TestEffectiveMobile/internal/handlers/handler.go:85 msg="sql: Scan called without calling Next"
time=2024-09-27T18:46:16.995+03:00 level=ERROR source=/Users/admin/golang_projects/no_projects/TestEffectiveMobile/internal/handlers/handler.go:85 msg="sql: Scan called without calling Next"
time=2024-09-27T18:54:51.225+03:00 level=INFO source=/Users/admin/golang_projects/no_projects/TestEffectiveMobile/db/db.go:32 msg="Success connection to database"
time=2024-09-27T18:54:51.232+03:00 level=INFO source=/Users/admin/golang_projects/no_projects/TestEffectiveMobile/db/db.go:50 msg="Migrations applied successfully"
time=2024-09-27T18:54:51.232+03:00 level=INFO source=/Users/admin/golang_projects/no_projects/TestEffectiveMobile/cmd/main.go:45 msg="Server up with address: localhost:8080"
time=2024-09-27T18:55:27.925+03:00 level=ERROR source=/Users/admin/golang_projects/no_projects/TestEffectiveMobile/internal/handlers/handler.go:84 msg="sql: Scan called without calling Next"
time=2024-09-27T18:56:08.943+03:00 level=ERROR source=/Users/admin/golang_projects/no_projects/TestEffectiveMobile/internal/handlers/handler.go:84 msg="sql: Scan called without calling Next"
time=2024-09-27T18:56:15.654+03:00 level=ERROR source=/Users/admin/golang_projects/no_projects/TestEffectiveMobile/internal/handlers/handler.go:84 msg="sql: Scan called without calling Next"
time=2024-09-27T18:57:08.014+03:00 level=ERROR source=/Users/admin/golang_projects/no_projects/TestEffectiveMobile/internal/handlers/handler.go:169 msg="pq: got 7 parameters but the statement requires 6"
time=2024-09-27T18:57:11.847+03:00 level=ERROR source=/Users/admin/golang_projects/no_projects/TestEffectiveMobile/internal/handlers/handler.go:169 msg="pq: got 7 parameters but the statement requires 6"
time=2024-09-27T19:01:22.010+03:00 level=INFO source=/Users/admin/golang_projects/no_projects/TestEffectiveMobile/db/db.go:32 msg="Success connection to database"
time=2024-09-27T19:01:22.017+03:00 level=INFO source=/Users/admin/golang_projects/no_projects/TestEffectiveMobile/db/db.go:50 msg="Migrations applied successfully"
time=2024-09-27T19:01:22.017+03:00 level=INFO source=/Users/admin/golang_projects/no_projects/TestEffectiveMobile/cmd/main.go:45 msg="Server up with address: localhost:8080"
time=2024-09-27T19:02:17.130+03:00 level=ERROR source=/Users/admin/golang_projects/no_projects/TestEffectiveMobile/internal/handlers/handler.go:84 msg="sql: Scan called without calling Next"
time=2024-09-27T19:07:35.346+03:00 level=INFO source=/Users/admin/golang_projects/no_projects/TestEffectiveMobile/db/db.go:32 msg="Success connection to database"
time=2024-09-27T19:07:35.353+03:00 level=INFO source=/Users/admin/golang_projects/no_projects/TestEffectiveMobile/db/db.go:50 msg="Migrations applied successfully"
time=2024-09-27T19:07:35.353+03:00 level=INFO source=/Users/admin/golang_projects/no_projects/TestEffectiveMobile/cmd/main.go:45 msg="Server up with address: localhost:8080"
time=2024-09-27T19:07:56.066+03:00 level=INFO source=:0 msg="http: superfluous response.WriteHeader call from TestEffectiveMobile/internal/handlers.GetDetailSongHandler (handler.go:105)"
time=2024-09-27T19:09:33.504+03:00 level=INFO source=/Users/admin/golang_projects/no_projects/TestEffectiveMobile/db/db.go:32 msg="Success connection to database"
time=2024-09-27T19:09:33.512+03:00 level=INFO source=/Users/admin/golang_projects/no_projects/TestEffectiveMobile/db/db.go:50 msg="Migrations applied successfully"
time=2024-09-27T19:09:33.512+03:00 level=INFO source=/Users/admin/golang_projects/no_projects/TestEffectiveMobile/cmd/main.go:45 msg="Server up with address: localhost:8080"
